2022-05-02 17:02:24,383 INFO  Logger.cs: 70 - 
--------------------------------------------------------------------------------
2022-05-02 17:02:24,445 INFO  Logger.cs: 71 - Logging commencing for SW2URDF exporter
2022-05-02 17:02:24,447 INFO  Logger.cs: 73 - Commit version 1.6.0-1-g15f4949
2022-05-02 17:02:24,447 INFO  Logger.cs: 74 - Build version 1.6.7594.29634
2022-05-02 17:02:24,453 INFO  SwAddin.cs: 192 - Attempting to connect to SW
2022-05-02 17:02:24,454 INFO  SwAddin.cs: 197 - Setting up callbacks
2022-05-02 17:02:24,455 INFO  SwAddin.cs: 201 - Setting up command manager
2022-05-02 17:02:24,455 INFO  SwAddin.cs: 204 - Adding command manager
2022-05-02 17:02:24,458 INFO  SwAddin.cs: 263 - Adding Assembly export to file menu
2022-05-02 17:02:24,459 INFO  SwAddin.cs: 272 - Adding Part export to file menu
2022-05-02 17:02:24,459 INFO  SwAddin.cs: 210 - Adding event handlers
2022-05-02 17:02:24,490 INFO  SwAddin.cs: 217 - Connecting plugin to SolidWorks
2022-05-02 17:03:30,270 INFO  SwAddin.cs: 294 - Assembly export called for file Assem_final
2022-05-02 17:03:30,273 INFO  SwAddin.cs: 299 - Save is required
2022-05-02 17:03:30,273 INFO  SwAddin.cs: 313 - Saving assembly
2022-05-02 17:03:30,540 INFO  SwAddin.cs: 316 - Opening property manager
2022-05-02 17:03:30,554 INFO  ExportHelperExtension.cs: 1125 - Retrieving features of type [CoordSys] from Assem_final
2022-05-02 17:03:30,560 INFO  ExportHelperExtension.cs: 1136 - Found 59 in Assem_final
2022-05-02 17:03:30,561 INFO  ExportHelperExtension.cs: 1145 - Found 0 features of type [CoordSys] in Assem_final
2022-05-02 17:03:30,562 INFO  ExportHelperExtension.cs: 1148 - Proceeding through assembly components
2022-05-02 17:03:30,563 INFO  ExportHelperExtension.cs: 1160 - 10 components to check
2022-05-02 17:03:30,565 INFO  ExportHelperExtension.cs: 1125 - Retrieving features of type [CoordSys] from Encoder_holder-3
2022-05-02 17:03:30,566 INFO  ExportHelperExtension.cs: 1136 - Found 54 in Encoder_holder-3
2022-05-02 17:03:30,567 INFO  ExportHelperExtension.cs: 1145 - Found 0 features of type [CoordSys] in Encoder_holder-3
2022-05-02 17:03:30,567 INFO  ExportHelperExtension.cs: 1125 - Retrieving features of type [CoordSys] from bottom_shell-3
2022-05-02 17:03:30,568 INFO  ExportHelperExtension.cs: 1136 - Found 24 in bottom_shell-3
2022-05-02 17:03:30,568 INFO  ExportHelperExtension.cs: 1145 - Found 0 features of type [CoordSys] in bottom_shell-3
2022-05-02 17:03:30,570 INFO  ExportHelperExtension.cs: 1125 - Retrieving features of type [CoordSys] from Motor_holder_2-1
2022-05-02 17:03:30,571 INFO  ExportHelperExtension.cs: 1136 - Found 44 in Motor_holder_2-1
2022-05-02 17:03:30,572 INFO  ExportHelperExtension.cs: 1145 - Found 0 features of type [CoordSys] in Motor_holder_2-1
2022-05-02 17:03:30,573 INFO  ExportHelperExtension.cs: 1125 - Retrieving features of type [CoordSys] from top_shell-3
2022-05-02 17:03:30,573 INFO  ExportHelperExtension.cs: 1136 - Found 27 in top_shell-3
2022-05-02 17:03:30,574 INFO  ExportHelperExtension.cs: 1145 - Found 1 features of type [CoordSys] in top_shell-3
2022-05-02 17:03:30,574 INFO  ExportHelperExtension.cs: 1125 - Retrieving features of type [CoordSys] from 2020_alu_section_25cm-1
2022-05-02 17:03:30,575 INFO  ExportHelperExtension.cs: 1136 - Found 30 in 2020_alu_section_25cm-1
2022-05-02 17:03:30,575 INFO  ExportHelperExtension.cs: 1145 - Found 0 features of type [CoordSys] in 2020_alu_section_25cm-1
2022-05-02 17:03:30,576 INFO  ExportHelperExtension.cs: 1125 - Retrieving features of type [CoordSys] from Link2-1
2022-05-02 17:03:30,576 INFO  ExportHelperExtension.cs: 1136 - Found 36 in Link2-1
2022-05-02 17:03:30,577 INFO  ExportHelperExtension.cs: 1145 - Found 1 features of type [CoordSys] in Link2-1
2022-05-02 17:03:30,577 INFO  ExportHelperExtension.cs: 1125 - Retrieving features of type [CoordSys] from Link1-1
2022-05-02 17:03:30,577 INFO  ExportHelperExtension.cs: 1136 - Found 41 in Link1-1
2022-05-02 17:03:30,578 INFO  ExportHelperExtension.cs: 1145 - Found 0 features of type [CoordSys] in Link1-1
2022-05-02 17:03:30,578 INFO  ExportHelperExtension.cs: 1125 - Retrieving features of type [CoordSys] from bottom_shell-2
2022-05-02 17:03:30,579 INFO  ExportHelperExtension.cs: 1136 - Found 24 in bottom_shell-2
2022-05-02 17:03:30,579 INFO  ExportHelperExtension.cs: 1145 - Found 0 features of type [CoordSys] in bottom_shell-2
2022-05-02 17:03:30,580 INFO  ExportHelperExtension.cs: 1125 - Retrieving features of type [CoordSys] from top_shell-2
2022-05-02 17:03:30,580 INFO  ExportHelperExtension.cs: 1136 - Found 27 in top_shell-2
2022-05-02 17:03:30,581 INFO  ExportHelperExtension.cs: 1145 - Found 1 features of type [CoordSys] in top_shell-2
2022-05-02 17:03:30,582 INFO  ExportHelperExtension.cs: 1125 - Retrieving features of type [CoordSys] from Encoder_holder-2
2022-05-02 17:03:30,582 INFO  ExportHelperExtension.cs: 1136 - Found 54 in Encoder_holder-2
2022-05-02 17:03:30,582 INFO  ExportHelperExtension.cs: 1145 - Found 0 features of type [CoordSys] in Encoder_holder-2
2022-05-02 17:03:30,583 INFO  ExportHelperExtension.cs: 1125 - Retrieving features of type [RefAxis] from Assem_final
2022-05-02 17:03:30,583 INFO  ExportHelperExtension.cs: 1136 - Found 59 in Assem_final
2022-05-02 17:03:30,584 INFO  ExportHelperExtension.cs: 1145 - Found 0 features of type [RefAxis] in Assem_final
2022-05-02 17:03:30,584 INFO  ExportHelperExtension.cs: 1148 - Proceeding through assembly components
2022-05-02 17:03:30,585 INFO  ExportHelperExtension.cs: 1160 - 10 components to check
2022-05-02 17:03:30,585 INFO  ExportHelperExtension.cs: 1125 - Retrieving features of type [RefAxis] from Encoder_holder-3
2022-05-02 17:03:30,586 INFO  ExportHelperExtension.cs: 1136 - Found 54 in Encoder_holder-3
2022-05-02 17:03:30,587 INFO  ExportHelperExtension.cs: 1145 - Found 0 features of type [RefAxis] in Encoder_holder-3
2022-05-02 17:03:30,587 INFO  ExportHelperExtension.cs: 1125 - Retrieving features of type [RefAxis] from bottom_shell-3
2022-05-02 17:03:30,587 INFO  ExportHelperExtension.cs: 1136 - Found 24 in bottom_shell-3
2022-05-02 17:03:30,588 INFO  ExportHelperExtension.cs: 1145 - Found 0 features of type [RefAxis] in bottom_shell-3
2022-05-02 17:03:30,588 INFO  ExportHelperExtension.cs: 1125 - Retrieving features of type [RefAxis] from Motor_holder_2-1
2022-05-02 17:03:30,589 INFO  ExportHelperExtension.cs: 1136 - Found 44 in Motor_holder_2-1
2022-05-02 17:03:30,589 INFO  ExportHelperExtension.cs: 1145 - Found 0 features of type [RefAxis] in Motor_holder_2-1
2022-05-02 17:03:30,590 INFO  ExportHelperExtension.cs: 1125 - Retrieving features of type [RefAxis] from top_shell-3
2022-05-02 17:03:30,590 INFO  ExportHelperExtension.cs: 1136 - Found 27 in top_shell-3
2022-05-02 17:03:30,591 INFO  ExportHelperExtension.cs: 1145 - Found 1 features of type [RefAxis] in top_shell-3
2022-05-02 17:03:30,591 INFO  ExportHelperExtension.cs: 1125 - Retrieving features of type [RefAxis] from 2020_alu_section_25cm-1
2022-05-02 17:03:30,592 INFO  ExportHelperExtension.cs: 1136 - Found 30 in 2020_alu_section_25cm-1
2022-05-02 17:03:30,592 INFO  ExportHelperExtension.cs: 1145 - Found 0 features of type [RefAxis] in 2020_alu_section_25cm-1
2022-05-02 17:03:30,593 INFO  ExportHelperExtension.cs: 1125 - Retrieving features of type [RefAxis] from Link2-1
2022-05-02 17:03:30,593 INFO  ExportHelperExtension.cs: 1136 - Found 36 in Link2-1
2022-05-02 17:03:30,593 INFO  ExportHelperExtension.cs: 1145 - Found 1 features of type [RefAxis] in Link2-1
2022-05-02 17:03:30,595 INFO  ExportHelperExtension.cs: 1125 - Retrieving features of type [RefAxis] from Link1-1
2022-05-02 17:03:30,596 INFO  ExportHelperExtension.cs: 1136 - Found 41 in Link1-1
2022-05-02 17:03:30,597 INFO  ExportHelperExtension.cs: 1145 - Found 0 features of type [RefAxis] in Link1-1
2022-05-02 17:03:30,598 INFO  ExportHelperExtension.cs: 1125 - Retrieving features of type [RefAxis] from bottom_shell-2
2022-05-02 17:03:30,599 INFO  ExportHelperExtension.cs: 1136 - Found 24 in bottom_shell-2
2022-05-02 17:03:30,600 INFO  ExportHelperExtension.cs: 1145 - Found 0 features of type [RefAxis] in bottom_shell-2
2022-05-02 17:03:30,600 INFO  ExportHelperExtension.cs: 1125 - Retrieving features of type [RefAxis] from top_shell-2
2022-05-02 17:03:30,601 INFO  ExportHelperExtension.cs: 1136 - Found 27 in top_shell-2
2022-05-02 17:03:30,602 INFO  ExportHelperExtension.cs: 1145 - Found 1 features of type [RefAxis] in top_shell-2
2022-05-02 17:03:30,603 INFO  ExportHelperExtension.cs: 1125 - Retrieving features of type [RefAxis] from Encoder_holder-2
2022-05-02 17:03:30,604 INFO  ExportHelperExtension.cs: 1136 - Found 54 in Encoder_holder-2
2022-05-02 17:03:30,605 INFO  ExportHelperExtension.cs: 1145 - Found 0 features of type [RefAxis] in Encoder_holder-2
2022-05-02 17:03:30,815 INFO  SwAddin.cs: 339 - Loading config tree
2022-05-02 17:03:30,820 INFO  ExportPropertyManagerExtension.cs: 520 - Starting new configuration
2022-05-02 17:03:30,824 INFO  SwAddin.cs: 344 - Showing property manager
2022-05-02 17:03:57,192 INFO  ExportPropertyManager.cs: 1136 - OnNumberBoxTrackingCompleted called. This method no longer throws an Exception. It just silently does nothing. Ok, except for this logging message
2022-05-02 17:04:07,514 INFO  ExportPropertyManager.cs: 1018 - OnComboboxSelectionChanged called. This method no longer throws an Exception. It just silently does nothing. Ok, except for this logging message
2022-05-02 17:04:22,442 INFO  ExportPropertyManager.cs: 1136 - OnNumberBoxTrackingCompleted called. This method no longer throws an Exception. It just silently does nothing. Ok, except for this logging message
2022-05-02 17:04:43,823 INFO  ExportPropertyManager.cs: 1136 - OnNumberBoxTrackingCompleted called. This method no longer throws an Exception. It just silently does nothing. Ok, except for this logging message
2022-05-02 17:04:58,940 INFO  ExportPropertyManager.cs: 1018 - OnComboboxSelectionChanged called. This method no longer throws an Exception. It just silently does nothing. Ok, except for this logging message
2022-05-02 17:05:13,331 INFO  ExportPropertyManager.cs: 422 - Configuration saved
2022-05-02 17:05:15,503 INFO  ExportHelperExtension.cs: 347 - Creating joint L1
2022-05-02 17:05:15,511 INFO  ExportHelperExtension.cs: 1397 - Fixing components for base_link
2022-05-02 17:05:15,512 INFO  ExportHelperExtension.cs: 1402 - Fixing 92
2022-05-02 17:05:15,513 INFO  ExportHelperExtension.cs: 1409 - Component 92 is already fixed
2022-05-02 17:05:15,514 INFO  ExportHelperExtension.cs: 1402 - Fixing 94
2022-05-02 17:05:15,515 INFO  ExportHelperExtension.cs: 1402 - Fixing 93
2022-05-02 17:05:15,515 INFO  ExportHelperExtension.cs: 1402 - Fixing 95
2022-05-02 17:05:15,516 INFO  ExportHelperExtension.cs: 1402 - Fixing 96
2022-05-02 17:05:15,726 INFO  : 0 - R1: 1, System.__ComObject, 1, System.Double[]
2022-05-02 17:05:15,730 INFO  ExportHelperExtension.cs: 841 - R2: 0, 0
2022-05-02 17:05:15,730 INFO  ExportHelperExtension.cs: 849 - L1: 0
2022-05-02 17:05:15,731 INFO  ExportHelperExtension.cs: 857 - L2: 0
2022-05-02 17:05:15,763 INFO  ExportHelperExtension.cs: 1352 - Unfixing component 94
2022-05-02 17:05:15,764 INFO  ExportHelperExtension.cs: 1352 - Unfixing component 93
2022-05-02 17:05:15,766 INFO  ExportHelperExtension.cs: 1352 - Unfixing component 95
2022-05-02 17:05:15,766 INFO  ExportHelperExtension.cs: 1352 - Unfixing component 96
2022-05-02 17:05:17,635 WARN  ExportHelperExtension.cs: 351 - Creating joint from parent base_link to child L1 failed
2022-05-02 17:05:17,683 INFO  ExportHelperExtension.cs: 347 - Creating joint L2
2022-05-02 17:05:17,684 INFO  ExportHelperExtension.cs: 1397 - Fixing components for L1
2022-05-02 17:05:17,685 INFO  ExportHelperExtension.cs: 1402 - Fixing 56
2022-05-02 17:05:17,685 INFO  ExportHelperExtension.cs: 1402 - Fixing 61
2022-05-02 17:05:17,686 INFO  ExportHelperExtension.cs: 1402 - Fixing 74
2022-05-02 17:05:17,686 INFO  ExportHelperExtension.cs: 1402 - Fixing 64
2022-05-02 17:05:17,687 INFO  ExportHelperExtension.cs: 1402 - Fixing 92
2022-05-02 17:05:17,688 INFO  ExportHelperExtension.cs: 1409 - Component 92 is already fixed
2022-05-02 17:05:17,688 INFO  ExportHelperExtension.cs: 1402 - Fixing 94
2022-05-02 17:05:17,688 INFO  ExportHelperExtension.cs: 1402 - Fixing 93
2022-05-02 17:05:17,688 INFO  ExportHelperExtension.cs: 1402 - Fixing 95
2022-05-02 17:05:17,689 INFO  ExportHelperExtension.cs: 1402 - Fixing 96
2022-05-02 17:05:17,978 INFO  ExportHelperExtension.cs: 828 - R1: 1, System.__ComObject, 1, System.Double[]
2022-05-02 17:05:17,978 INFO  ExportHelperExtension.cs: 841 - R2: 0, 0
2022-05-02 17:05:17,979 INFO  ExportHelperExtension.cs: 849 - L1: 0
2022-05-02 17:05:17,979 INFO  ExportHelperExtension.cs: 857 - L2: 0
2022-05-02 17:05:17,980 INFO  ExportHelperExtension.cs: 1352 - Unfixing component 56
2022-05-02 17:05:17,981 INFO  ExportHelperExtension.cs: 1352 - Unfixing component 61
2022-05-02 17:05:17,981 INFO  ExportHelperExtension.cs: 1352 - Unfixing component 74
2022-05-02 17:05:17,981 INFO  ExportHelperExtension.cs: 1352 - Unfixing component 64
2022-05-02 17:05:17,981 INFO  ExportHelperExtension.cs: 1352 - Unfixing component 94
2022-05-02 17:05:17,982 INFO  ExportHelperExtension.cs: 1352 - Unfixing component 93
2022-05-02 17:05:17,982 INFO  ExportHelperExtension.cs: 1352 - Unfixing component 95
2022-05-02 17:05:17,983 INFO  ExportHelperExtension.cs: 1352 - Unfixing component 96
2022-05-02 17:05:20,019 WARN  ExportHelperExtension.cs: 351 - Creating joint from parent L1 to child L2 failed
2022-05-02 17:05:20,157 INFO  ExportHelperExtension.cs: 1125 - Retrieving features of type [CoordSys] from Assem_final
2022-05-02 17:05:20,164 INFO  ExportHelperExtension.cs: 1136 - Found 66 in Assem_final
2022-05-02 17:05:20,165 INFO  ExportHelperExtension.cs: 1145 - Found 3 features of type [CoordSys] in Assem_final
2022-05-02 17:05:20,165 INFO  ExportHelperExtension.cs: 1148 - Proceeding through assembly components
2022-05-02 17:05:20,166 INFO  ExportHelperExtension.cs: 1160 - 10 components to check
2022-05-02 17:05:20,166 INFO  ExportHelperExtension.cs: 1125 - Retrieving features of type [CoordSys] from Encoder_holder-3
2022-05-02 17:05:20,167 INFO  ExportHelperExtension.cs: 1136 - Found 54 in Encoder_holder-3
2022-05-02 17:05:20,167 INFO  ExportHelperExtension.cs: 1145 - Found 0 features of type [CoordSys] in Encoder_holder-3
2022-05-02 17:05:20,169 INFO  ExportHelperExtension.cs: 1125 - Retrieving features of type [CoordSys] from bottom_shell-3
2022-05-02 17:05:20,169 INFO  ExportHelperExtension.cs: 1136 - Found 24 in bottom_shell-3
2022-05-02 17:05:20,169 INFO  ExportHelperExtension.cs: 1145 - Found 0 features of type [CoordSys] in bottom_shell-3
2022-05-02 17:05:20,170 INFO  ExportHelperExtension.cs: 1125 - Retrieving features of type [CoordSys] from Motor_holder_2-1
2022-05-02 17:05:20,171 INFO  ExportHelperExtension.cs: 1136 - Found 44 in Motor_holder_2-1
2022-05-02 17:05:20,171 INFO  ExportHelperExtension.cs: 1145 - Found 0 features of type [CoordSys] in Motor_holder_2-1
2022-05-02 17:05:20,172 INFO  ExportHelperExtension.cs: 1125 - Retrieving features of type [CoordSys] from top_shell-3
2022-05-02 17:05:20,172 INFO  ExportHelperExtension.cs: 1136 - Found 27 in top_shell-3
2022-05-02 17:05:20,173 INFO  ExportHelperExtension.cs: 1145 - Found 1 features of type [CoordSys] in top_shell-3
2022-05-02 17:05:20,174 INFO  ExportHelperExtension.cs: 1125 - Retrieving features of type [CoordSys] from 2020_alu_section_25cm-1
2022-05-02 17:05:20,174 INFO  ExportHelperExtension.cs: 1136 - Found 30 in 2020_alu_section_25cm-1
2022-05-02 17:05:20,175 INFO  ExportHelperExtension.cs: 1145 - Found 0 features of type [CoordSys] in 2020_alu_section_25cm-1
2022-05-02 17:05:20,175 INFO  ExportHelperExtension.cs: 1125 - Retrieving features of type [CoordSys] from Link2-1
2022-05-02 17:05:20,176 INFO  ExportHelperExtension.cs: 1136 - Found 36 in Link2-1
2022-05-02 17:05:20,177 INFO  ExportHelperExtension.cs: 1145 - Found 1 features of type [CoordSys] in Link2-1
2022-05-02 17:05:20,177 INFO  ExportHelperExtension.cs: 1125 - Retrieving features of type [CoordSys] from Link1-1
2022-05-02 17:05:20,178 INFO  ExportHelperExtension.cs: 1136 - Found 41 in Link1-1
2022-05-02 17:05:20,179 INFO  ExportHelperExtension.cs: 1145 - Found 0 features of type [CoordSys] in Link1-1
2022-05-02 17:05:20,179 INFO  ExportHelperExtension.cs: 1125 - Retrieving features of type [CoordSys] from bottom_shell-2
2022-05-02 17:05:20,209 INFO  ExportHelperExtension.cs: 1136 - Found 24 in bottom_shell-2
2022-05-02 17:05:20,210 INFO  ExportHelperExtension.cs: 1145 - Found 0 features of type [CoordSys] in bottom_shell-2
2022-05-02 17:05:20,213 INFO  ExportHelperExtension.cs: 1125 - Retrieving features of type [CoordSys] from top_shell-2
2022-05-02 17:05:20,213 INFO  ExportHelperExtension.cs: 1136 - Found 27 in top_shell-2
2022-05-02 17:05:20,214 INFO  ExportHelperExtension.cs: 1145 - Found 1 features of type [CoordSys] in top_shell-2
2022-05-02 17:05:20,214 INFO  ExportHelperExtension.cs: 1125 - Retrieving features of type [CoordSys] from Encoder_holder-2
2022-05-02 17:05:20,215 INFO  ExportHelperExtension.cs: 1136 - Found 54 in Encoder_holder-2
2022-05-02 17:05:20,216 INFO  ExportHelperExtension.cs: 1145 - Found 0 features of type [CoordSys] in Encoder_holder-2
2022-05-02 17:05:20,216 INFO  ExportHelperExtension.cs: 1125 - Retrieving features of type [RefAxis] from Assem_final
2022-05-02 17:05:20,216 INFO  ExportHelperExtension.cs: 1136 - Found 66 in Assem_final
2022-05-02 17:05:20,217 INFO  ExportHelperExtension.cs: 1145 - Found 2 features of type [RefAxis] in Assem_final
2022-05-02 17:05:20,218 INFO  ExportHelperExtension.cs: 1148 - Proceeding through assembly components
2022-05-02 17:05:20,218 INFO  ExportHelperExtension.cs: 1160 - 10 components to check
2022-05-02 17:05:20,219 INFO  ExportHelperExtension.cs: 1125 - Retrieving features of type [RefAxis] from Encoder_holder-3
2022-05-02 17:05:20,219 INFO  ExportHelperExtension.cs: 1136 - Found 54 in Encoder_holder-3
2022-05-02 17:05:20,220 INFO  ExportHelperExtension.cs: 1145 - Found 0 features of type [RefAxis] in Encoder_holder-3
2022-05-02 17:05:20,220 INFO  ExportHelperExtension.cs: 1125 - Retrieving features of type [RefAxis] from bottom_shell-3
2022-05-02 17:05:20,221 INFO  ExportHelperExtension.cs: 1136 - Found 24 in bottom_shell-3
2022-05-02 17:05:20,221 INFO  ExportHelperExtension.cs: 1145 - Found 0 features of type [RefAxis] in bottom_shell-3
2022-05-02 17:05:20,222 INFO  ExportHelperExtension.cs: 1125 - Retrieving features of type [RefAxis] from Motor_holder_2-1
2022-05-02 17:05:20,222 INFO  ExportHelperExtension.cs: 1136 - Found 44 in Motor_holder_2-1
2022-05-02 17:05:20,224 INFO  ExportHelperExtension.cs: 1145 - Found 0 features of type [RefAxis] in Motor_holder_2-1
2022-05-02 17:05:20,224 INFO  ExportHelperExtension.cs: 1125 - Retrieving features of type [RefAxis] from top_shell-3
2022-05-02 17:05:20,225 INFO  ExportHelperExtension.cs: 1136 - Found 27 in top_shell-3
2022-05-02 17:05:20,225 INFO  ExportHelperExtension.cs: 1145 - Found 1 features of type [RefAxis] in top_shell-3
2022-05-02 17:05:20,226 INFO  ExportHelperExtension.cs: 1125 - Retrieving features of type [RefAxis] from 2020_alu_section_25cm-1
2022-05-02 17:05:20,226 INFO  ExportHelperExtension.cs: 1136 - Found 30 in 2020_alu_section_25cm-1
2022-05-02 17:05:20,227 INFO  ExportHelperExtension.cs: 1145 - Found 0 features of type [RefAxis] in 2020_alu_section_25cm-1
2022-05-02 17:05:20,228 INFO  ExportHelperExtension.cs: 1125 - Retrieving features of type [RefAxis] from Link2-1
2022-05-02 17:05:20,228 INFO  ExportHelperExtension.cs: 1136 - Found 36 in Link2-1
2022-05-02 17:05:20,229 INFO  ExportHelperExtension.cs: 1145 - Found 1 features of type [RefAxis] in Link2-1
2022-05-02 17:05:20,229 INFO  ExportHelperExtension.cs: 1125 - Retrieving features of type [RefAxis] from Link1-1
2022-05-02 17:05:20,230 INFO  ExportHelperExtension.cs: 1136 - Found 41 in Link1-1
2022-05-02 17:05:20,230 INFO  ExportHelperExtension.cs: 1145 - Found 0 features of type [RefAxis] in Link1-1
2022-05-02 17:05:20,231 INFO  ExportHelperExtension.cs: 1125 - Retrieving features of type [RefAxis] from bottom_shell-2
2022-05-02 17:05:20,231 INFO  ExportHelperExtension.cs: 1136 - Found 24 in bottom_shell-2
2022-05-02 17:05:20,232 INFO  ExportHelperExtension.cs: 1145 - Found 0 features of type [RefAxis] in bottom_shell-2
2022-05-02 17:05:20,232 INFO  ExportHelperExtension.cs: 1125 - Retrieving features of type [RefAxis] from top_shell-2
2022-05-02 17:05:20,233 INFO  ExportHelperExtension.cs: 1136 - Found 27 in top_shell-2
2022-05-02 17:05:20,234 INFO  ExportHelperExtension.cs: 1145 - Found 1 features of type [RefAxis] in top_shell-2
2022-05-02 17:05:20,234 INFO  ExportHelperExtension.cs: 1125 - Retrieving features of type [RefAxis] from Encoder_holder-2
2022-05-02 17:05:20,235 INFO  ExportHelperExtension.cs: 1136 - Found 54 in Encoder_holder-2
2022-05-02 17:05:20,235 INFO  ExportHelperExtension.cs: 1145 - Found 0 features of type [RefAxis] in Encoder_holder-2
2022-05-02 17:05:20,305 INFO  ExportPropertyManager.cs: 1142 - AfterClose called. This method no longer throws an Exception. It just silently does nothing. Ok, except for this logging message
2022-05-02 17:05:26,677 INFO  AssemblyExportForm.cs: 253 - Completing URDF export
2022-05-02 17:05:26,685 INFO  ConfigurationSerialization.cs: 276 - URDF Configuration found
<Link z:Id="i1" xmlns="http://schemas.datacontract.org/2004/07/SW2URDF" xmlns:i="http://www.w3.org/2001/XMLSchema-instance" xmlns:z="http://schemas.microsoft.com/2003/10/Serialization/"><Attributes><Attribute z:Id="i2"><AttributeType>name</AttributeType><IsRequired>true</IsRequired><Value i:type="a:string" xmlns:a="http://www.w3.org/2001/XMLSchema">base_link</Value></Attribute></Attributes><ChildElements><URDFElement z:Id="i3" i:type="Inertial"><Attributes/><ChildElements><URDFElement z:Id="i4" i:type="Origin"><Attributes><Attribute z:Id="i5"><AttributeType>xyz</AttributeType><IsRequired>true</IsRequired><Value i:type="a:ArrayOfdouble" xmlns:a="http://schemas.microsoft.com/2003/10/Serialization/Arrays"><a:double>0</a:double><a:double>0</a:double><a:double>0</a:double></Value></Attribute><Attribute z:Id="i6"><AttributeType>rpy</AttributeType><IsRequired>true</IsRequired><Value i:type="a:ArrayOfdouble" xmlns:a="http://schemas.microsoft.com/2003/10/Serialization/Arrays"><a:double>0</a:double><a:double>0</a:double><a:double>0</a:double></Value></Attribute></Attributes><ChildElements/><ElementName>origin</ElementName><required>false</required><RPYAttribute z:Ref="i6"/><XYZAttribute z:Ref="i5"/><isCustomized>false</isCustomized></URDFElement><URDFElement z:Id="i7" i:type="Mass"><Attributes><Attribute z:Id="i8"><AttributeType>value</AttributeType><IsRequired>true</IsRequired><Value i:type="a:double" xmlns:a="http://www.w3.org/2001/XMLSchema">0</Value></Attribute></Attributes><ChildElements/><ElementName>mass</ElementName><required>false</required><ValueAttribute z:Ref="i8"/></URDFElement><URDFElement z:Id="i9" i:type="Inertia"><Attributes><Attribute z:Id="i10"><AttributeType>ixx</AttributeType><IsRequired>true</IsRequired><Value i:type="a:double" xmlns:a="http://www.w3.org/2001/XMLSchema">0</Value></Attribute><Attribute z:Id="i11"><AttributeType>ixy</AttributeType><IsRequired>true</IsRequired><Value i:type="a:double" xmlns:a="http://www.w3.org/2001/XMLSchema">0</Value></Attribute><Attribute z:Id="i12"><AttributeType>ixz</AttributeType><IsRequired>true</IsRequired><Value i:type="a:double" xmlns:a="http://www.w3.org/2001/XMLSchema">0</Value></Attribute><Attribute z:Id="i13"><AttributeType>iyy</AttributeType><IsRequired>true</IsRequired><Value i:type="a:double" xmlns:a="http://www.w3.org/2001/XMLSchema">0</Value></Attribute><Attribute z:Id="i14"><AttributeType>iyz</AttributeType><IsRequired>true</IsRequired><Value i:type="a:double" xmlns:a="http://www.w3.org/2001/XMLSchema">0</Value></Attribute><Attribute z:Id="i15"><AttributeType>izz</AttributeType><IsRequired>true</IsRequired><Value i:type="a:double" xmlns:a="http://www.w3.org/2001/XMLSchema">0</Value></Attribute></Attributes><ChildElements/><ElementName>inertia</ElementName><required>false</required><IxxAttribute z:Ref="i10"/><IxyAttribute z:Ref="i11"/><IxzAttribute z:Ref="i12"/><IyyAttribute z:Ref="i13"/><IyzAttribute z:Ref="i14"/><IzzAttribute z:Ref="i15"/></URDFElement></ChildElements><ElementName>inertial</ElementName><required>false</required><Inertia z:Ref="i9"/><Mass z:Ref="i7"/><Origin z:Ref="i4"/></URDFElement><URDFElement z:Id="i16" i:type="Visual"><Attributes/><ChildElements><URDFElement z:Id="i17" i:type="Origin"><Attributes><Attribute z:Id="i18"><AttributeType>xyz</AttributeType><IsRequired>true</IsRequired><Value i:type="a:ArrayOfdouble" xmlns:a="http://schemas.microsoft.com/2003/10/Serialization/Arrays"><a:double>0</a:double><a:double>0</a:double><a:double>0</a:double></Value></Attribute><Attribute z:Id="i19"><AttributeType>rpy</AttributeType><IsRequired>true</IsRequired><Value i:type="a:ArrayOfdouble" xmlns:a="http://schemas.microsoft.com/2003/10/Serialization/Arrays"><a:double>0</a:double><a:double>0</a:double><a:double>0</a:double></Value></Attribute></Attributes><ChildElements/><ElementName>origin</ElementName><required>false</required><RPYAttribute z:Ref="i19"/><XYZAttribute z:Ref="i18"/><isCustomized>false</isCustomized></URDFElement><URDFElement z:Id="i20" i:type="Geometry"><Attributes/><ChildElements><URDFElement z:Id="i21" i:type="Mesh"><Attributes><Attribute z:Id="i22"><AttributeType>filename</AttributeType><IsRequired>true</IsRequired><Value i:nil="true"/></Attribute></Attributes><ChildElements/><ElementName>mesh</ElementName><required>false</required><FilenameAttribute z:Ref="i22"/></URDFElement></ChildElements><ElementName>geometry</ElementName><required>true</required><Mesh z:Ref="i21"/></URDFElement><URDFElement z:Id="i23" i:type="Material"><Attributes><Attribute z:Id="i24"><AttributeType>name</AttributeType><IsRequired>true</IsRequired><Value i:type="a:string" xmlns:a="http://www.w3.org/2001/XMLSchema"/></Attribute></Attributes><ChildElements><URDFElement z:Id="i25" i:type="Color"><Attributes><Attribute z:Id="i26"><AttributeType>rgba</AttributeType><IsRequired>true</IsRequired><Value i:type="a:ArrayOfdouble" xmlns:a="http://schemas.microsoft.com/2003/10/Serialization/Arrays"><a:double>1</a:double><a:double>1</a:double><a:double>1</a:double><a:double>1</a:double></Value></Attribute></Attributes><ChildElements/><ElementName>color</ElementName><required>false</required><RGBAAttribute z:Ref="i26"/></URDFElement><URDFElement z:Id="i27" i:type="Texture"><Attributes><Attribute z:Id="i28"><AttributeType>filename</AttributeType><IsRequired>true</IsRequired><Value i:nil="true"/></Attribute></Attributes><ChildElements/><ElementName>texture</ElementName><required>false</required><FilenameAttribute z:Ref="i28"/><wFilename/></URDFElement></ChildElements><ElementName>material</ElementName><required>false</required><Color z:Ref="i25"/><NameAttribute z:Ref="i24"/><Texture z:Ref="i27"/></URDFElement></ChildElements><ElementName>visual</ElementName><required>false</required><Geometry z:Ref="i20"/><Material z:Ref="i23"/><Origin z:Ref="i17"/></URDFElement><URDFElement z:Id="i29" i:type="Collision"><Attributes/><ChildElements><URDFElement z:Id="i30" i:type="Origin"><Attributes><Attribute z:Id="i31"><AttributeType>xyz</AttributeType><IsRequired>true</IsRequired><Value i:type="a:ArrayOfdouble" xmlns:a="http://schemas.microsoft.com/2003/10/Serialization/Arrays"><a:double>0</a:double><a:double>0</a:double><a:double>0</a:double></Value></Attribute><Attribute z:Id="i32"><AttributeType>rpy</AttributeType><IsRequired>true</IsRequired><Value i:type="a:ArrayOfdouble" xmlns:a="http://schemas.microsoft.com/2003/10/Serialization/Arrays"><a:double>0</a:double><a:double>0</a:double><a:double>0</a:double></Value></Attribute></Attributes><ChildElements/><ElementName>origin</ElementName><required>false</required><RPYAttribute z:Ref="i32"/><XYZAttribute z:Ref="i31"/><isCustomized>false</isCustomized></URDFElement><URDFElement z:Id="i33" i:type="Geometry"><Attributes/><ChildElements><URDFElement z:Id="i34" i:type="Mesh"><Attributes><Attribute z:Id="i35"><AttributeType>filename</AttributeType><IsRequired>true</IsRequired><Value i:nil="true"/></Attribute></Attributes><ChildElements/><ElementName>mesh</ElementName><required>false</required><FilenameAttribute z:Ref="i35"/></URDFElement></ChildElements><ElementName>geometry</ElementName><required>true</required><Mesh z:Ref="i34"/></URDFElement></ChildElements><ElementName>collision</ElementName><required>false</required><Geometry z:Ref="i33"/><Origin z:Ref="i30"/></URDFElement><URDFElement z:Id="i36" i:type="Joint"><Attributes><Attribute z:Id="i37"><AttributeType>name</AttributeType><IsRequired>true</IsRequired><Value i:type="a:string" xmlns:a="http://www.w3.org/2001/XMLSchema"/></Attribute><Attribute z:Id="i38"><AttributeType>type</AttributeType><IsRequired>true</IsRequired><Value i:type="a:string" xmlns:a="http://www.w3.org/2001/XMLSchema"/></Attribute></Attributes><ChildElements><URDFElement z:Id="i39" i:type="Origin"><Attributes><Attribute z:Id="i40"><AttributeType>xyz</AttributeType><IsRequired>true</IsRequired><Value i:type="a:ArrayOfdouble" xmlns:a="http://schemas.microsoft.com/2003/10/Serialization/Arrays"><a:double>0</a:double><a:double>0</a:double><a:double>0</a:double></Value></Attribute><Attribute z:Id="i41"><AttributeType>rpy</AttributeType><IsRequired>true</IsRequired><Value i:type="a:ArrayOfdouble" xmlns:a="http://schemas.microsoft.com/2003/10/Serialization/Arrays"><a:double>0</a:double><a:double>0</a:double><a:double>0</a:double></Value></Attribute></Attributes><ChildElements/><ElementName>origin</ElementName><required>false</required><RPYAttribute z:Ref="i41"/><XYZAttribute z:Ref="i40"/><isCustomized>false</isCustomized></URDFElement><URDFElement z:Id="i42" i:type="ParentLink"><Attributes><Attribute z:Id="i43"><AttributeType>link</AttributeType><IsRequired>true</IsRequired><Value i:type="a:string" xmlns:a="http://www.w3.org/2001/XMLSchema"/></Attribute></Attributes><ChildElements/><ElementName>parent</ElementName><required>true</required><NameAttribute z:Ref="i43"/></URDFElement><URDFElement z:Id="i44" i:type="ChildLink"><Attributes><Attribute z:Id="i45"><AttributeType>link</AttributeType><IsRequired>true</IsRequired><Value i:type="a:string" xmlns:a="http://www.w3.org/2001/XMLSchema"/></Attribute></Attributes><ChildElements/><ElementName>child</ElementName><required>true</required><NameAttribute z:Ref="i45"/></URDFElement><URDFElement z:Id="i46" i:type="Axis"><Attributes><Attribute z:Id="i47"><AttributeType>xyz</AttributeType><IsRequired>true</IsRequired><Value i:type="a:ArrayOfdouble" xmlns:a="http://schemas.microsoft.com/2003/10/Serialization/Arrays"><a:double>0</a:double><a:double>0</a:double><a:double>0</a:double></Value></Attribute></Attributes><ChildElements/><ElementName>axis</ElementName><required>false</required><XYZAttribute z:Ref="i47"/></URDFElement><URDFElement z:Id="i48" i:type="Limit"><Attributes><Attribute z:Id="i49"><AttributeType>lower</AttributeType><IsRequired>false</IsRequired><Value i:nil="true"/></Attribute><Attribute z:Id="i50"><AttributeType>upper</AttributeType><IsRequired>false</IsRequired><Value i:nil="true"/></Attribute><Attribute z:Id="i51"><AttributeType>effort</AttributeType><IsRequired>true</IsRequired><Value i:nil="true"/></Attribute><Attribute z:Id="i52"><AttributeType>velocity</AttributeType><IsRequired>true</IsRequired><Value i:nil="true"/></Attribute></Attributes><ChildElements/><ElementName>limit</ElementName><required>false</required><EffortAttribute z:Ref="i51"/><LowerAttribute z:Ref="i49"/><UpperAttribute z:Ref="i50"/><VelocityAttribute z:Ref="i52"/></URDFElement><URDFElement z:Id="i53" i:type="Calibration"><Attributes><Attribute z:Id="i54"><AttributeType>rising</AttributeType><IsRequired>false</IsRequired><Value i:nil="true"/></Attribute><Attribute z:Id="i55"><AttributeType>falling</AttributeType><IsRequired>false</IsRequired><Value i:nil="true"/></Attribute></Attributes><ChildElements/><ElementName>calibration</ElementName><required>false</required><FallingAttribute z:Ref="i55"/><RisingAttribute z:Ref="i54"/></URDFElement><URDFElement z:Id="i56" i:type="Dynamics"><Attributes><Attribute z:Id="i57"><AttributeType>damping</AttributeType><IsRequired>false</IsRequired><Value i:nil="true"/></Attribute><Attribute z:Id="i58"><AttributeType>friction</AttributeType><IsRequired>false</IsRequired><Value i:nil="true"/></Attribute></Attributes><ChildElements/><ElementName>dynamics</ElementName><required>false</required><DampingAttribute z:Ref="i57"/><FrictionAttribute z:Ref="i58"/></URDFElement><URDFElement z:Id="i59" i:type="SafetyController"><Attributes><Attribute z:Id="i60"><AttributeType>soft_upper</AttributeType><IsRequired>false</IsRequired><Value i:nil="true"/></Attribute><Attribute z:Id="i61"><AttributeType>soft_lower</AttributeType><IsRequired>false</IsRequired><Value i:nil="true"/></Attribute><Attribute z:Id="i62"><AttributeType>k_position</AttributeType><IsRequired>false</IsRequired><Value i:nil="true"/></Attribute><Attribute z:Id="i63"><AttributeType>k_velocity</AttributeType><IsRequired>true</IsRequired><Value i:nil="true"/></Attribute></Attributes><ChildElements/><ElementName>safety_controller</ElementName><required>false</required><KPositionAttribute z:Ref="i62"/><KVelocityAttribute z:Ref="i63"/><SoftLowerAttribute z:Ref="i61"/><SoftUpperAttribute z:Ref="i60"/></URDFElement><URDFElement z:Id="i64" i:type="Mimic"><Attributes><Attribute z:Id="i65"><AttributeType>joint</AttributeType><IsRequired>true</IsRequired><Value i:nil="true"/></Attribute><Attribute z:Id="i66"><AttributeType>multiplier</AttributeType><IsRequired>false</IsRequired><Value i:nil="true"/></Attribute><Attribute z:Id="i67"><AttributeType>offset</AttributeType><IsRequired>false</IsRequired><Value i:nil="true"/></Attribute></Attributes><ChildElements/><ElementName>mimic</ElementName><required>false</required><JointNameAttribute z:Ref="i65"/><MultiplierAttribute z:Ref="i66"/><OffsetAttribute z:Ref="i67"/></URDFElement></ChildElements><ElementName>joint</ElementName><required>false</required><Axis z:Ref="i46"/><AxisName/><Calibration z:Ref="i53"/><Child z:Ref="i44"/><CoordinateSystemName>Automatically Generate</CoordinateSystemName><Dynamics z:Ref="i56"/><Limit z:Ref="i48"/><Mimic z:Ref="i64"/><NameAttribute z:Ref="i37"/><Origin z:Ref="i39"/><Parent z:Ref="i42"/><Safety z:Ref="i59"/><TypeAttribute z:Ref="i38"/></URDFElement></ChildElements><ElementName>link</ElementName><required>true</required><Children><Link z:Id="i68"><Attributes><Attribute z:Id="i69"><AttributeType>name</AttributeType><IsRequired>true</IsRequired><Value i:type="a:string" xmlns:a="http://www.w3.org/2001/XMLSchema">L1</Value></Attribute></Attributes><ChildElements><URDFElement z:Id="i70" i:type="Inertial"><Attributes/><ChildElements><URDFElement z:Id="i71" i:type="Origin"><Attributes><Attribute z:Id="i72"><AttributeType>xyz</AttributeType><IsRequired>true</IsRequired><Value i:type="a:ArrayOfdouble" xmlns:a="http://schemas.microsoft.com/2003/10/Serialization/Arrays"><a:double>0</a:double><a:double>0</a:double><a:double>0</a:double></Value></Attribute><Attribute z:Id="i73"><AttributeType>rpy</AttributeType><IsRequired>true</IsRequired><Value i:type="a:ArrayOfdouble" xmlns:a="http://schemas.microsoft.com/2003/10/Serialization/Arrays"><a:double>0</a:double><a:double>0</a:double><a:double>0</a:double></Value></Attribute></Attributes><ChildElements/><ElementName>origin</ElementName><required>false</required><RPYAttribute z:Ref="i73"/><XYZAttribute z:Ref="i72"/><isCustomized>false</isCustomized></URDFElement><URDFElement z:Id="i74" i:type="Mass"><Attributes><Attribute z:Id="i75"><AttributeType>value</AttributeType><IsRequired>true</IsRequired><Value i:type="a:double" xmlns:a="http://www.w3.org/2001/XMLSchema">0</Value></Attribute></Attributes><ChildElements/><ElementName>mass</ElementName><required>false</required><ValueAttribute z:Ref="i75"/></URDFElement><URDFElement z:Id="i76" i:type="Inertia"><Attributes><Attribute z:Id="i77"><AttributeType>ixx</AttributeType><IsRequired>true</IsRequired><Value i:type="a:double" xmlns:a="http://www.w3.org/2001/XMLSchema">0</Value></Attribute><Attribute z:Id="i78"><AttributeType>ixy</AttributeType><IsRequired>true</IsRequired><Value i:type="a:double" xmlns:a="http://www.w3.org/2001/XMLSchema">0</Value></Attribute><Attribute z:Id="i79"><AttributeType>ixz</AttributeType><IsRequired>true</IsRequired><Value i:type="a:double" xmlns:a="http://www.w3.org/2001/XMLSchema">0</Value></Attribute><Attribute z:Id="i80"><AttributeType>iyy</AttributeType><IsRequired>true</IsRequired><Value i:type="a:double" xmlns:a="http://www.w3.org/2001/XMLSchema">0</Value></Attribute><Attribute z:Id="i81"><AttributeType>iyz</AttributeType><IsRequired>true</IsRequired><Value i:type="a:double" xmlns:a="http://www.w3.org/2001/XMLSchema">0</Value></Attribute><Attribute z:Id="i82"><AttributeType>izz</AttributeType><IsRequired>true</IsRequired><Value i:type="a:double" xmlns:a="http://www.w3.org/2001/XMLSchema">0</Value></Attribute></Attributes><ChildElements/><ElementName>inertia</ElementName><required>false</required><IxxAttribute z:Ref="i77"/><IxyAttribute z:Ref="i78"/><IxzAttribute z:Ref="i79"/><IyyAttribute z:Ref="i80"/><IyzAttribute z:Ref="i81"/><IzzAttribute z:Ref="i82"/></URDFElement></ChildElements><ElementName>inertial</ElementName><required>false</required><Inertia z:Ref="i76"/><Mass z:Ref="i74"/><Origin z:Ref="i71"/></URDFElement><URDFElement z:Id="i83" i:type="Visual"><Attributes/><ChildElements><URDFElement z:Id="i84" i:type="Origin"><Attributes><Attribute z:Id="i85"><AttributeType>xyz</AttributeType><IsRequired>true</IsRequired><Value i:type="a:ArrayOfdouble" xmlns:a="http://schemas.microsoft.com/2003/10/Serialization/Arrays"><a:double>0</a:double><a:double>0</a:double><a:double>0</a:double></Value></Attribute><Attribute z:Id="i86"><AttributeType>rpy</AttributeType><IsRequired>true</IsRequired><Value i:type="a:ArrayOfdouble" xmlns:a="http://schemas.microsoft.com/2003/10/Serialization/Arrays"><a:double>0</a:double><a:double>0</a:double><a:double>0</a:double></Value></Attribute></Attributes><ChildElements/><ElementName>origin</ElementName><required>false</required><RPYAttribute z:Ref="i86"/><XYZAttribute z:Ref="i85"/><isCustomized>false</isCustomized></URDFElement><URDFElement z:Id="i87" i:type="Geometry"><Attributes/><ChildElements><URDFElement z:Id="i88" i:type="Mesh"><Attributes><Attribute z:Id="i89"><AttributeType>filename</AttributeType><IsRequired>true</IsRequired><Value i:nil="true"/></Attribute></Attributes><ChildElements/><ElementName>mesh</ElementName><required>false</required><FilenameAttribute z:Ref="i89"/></URDFElement></ChildElements><ElementName>geometry</ElementName><required>true</required><Mesh z:Ref="i88"/></URDFElement><URDFElement z:Id="i90" i:type="Material"><Attributes><Attribute z:Id="i91"><AttributeType>name</AttributeType><IsRequired>true</IsRequired><Value i:type="a:string" xmlns:a="http://www.w3.org/2001/XMLSchema"/></Attribute></Attributes><ChildElements><URDFElement z:Id="i92" i:type="Color"><Attributes><Attribute z:Id="i93"><AttributeType>rgba</AttributeType><IsRequired>true</IsRequired><Value i:type="a:ArrayOfdouble" xmlns:a="http://schemas.microsoft.com/2003/10/Serialization/Arrays"><a:double>1</a:double><a:double>1</a:double><a:double>1</a:double><a:double>1</a:double></Value></Attribute></Attributes><ChildElements/><ElementName>color</ElementName><required>false</required><RGBAAttribute z:Ref="i93"/></URDFElement><URDFElement z:Id="i94" i:type="Texture"><Attributes><Attribute z:Id="i95"><AttributeType>filename</AttributeType><IsRequired>true</IsRequired><Value i:nil="true"/></Attribute></Attributes><ChildElements/><ElementName>texture</ElementName><required>false</required><FilenameAttribute z:Ref="i95"/><wFilename/></URDFElement></ChildElements><ElementName>material</ElementName><required>false</required><Color z:Ref="i92"/><NameAttribute z:Ref="i91"/><Texture z:Ref="i94"/></URDFElement></ChildElements><ElementName>visual</ElementName><required>false</required><Geometry z:Ref="i87"/><Material z:Ref="i90"/><Origin z:Ref="i84"/></URDFElement><URDFElement z:Id="i96" i:type="Collision"><Attributes/><ChildElements><URDFElement z:Id="i97" i:type="Origin"><Attributes><Attribute z:Id="i98"><AttributeType>xyz</AttributeType><IsRequired>true</IsRequired><Value i:type="a:ArrayOfdouble" xmlns:a="http://schemas.microsoft.com/2003/10/Serialization/Arrays"><a:double>0</a:double><a:double>0</a:double><a:double>0</a:double></Value></Attribute><Attribute z:Id="i99"><AttributeType>rpy</AttributeType><IsRequired>true</IsRequired><Value i:type="a:ArrayOfdouble" xmlns:a="http://schemas.microsoft.com/2003/10/Serialization/Arrays"><a:double>0</a:double><a:double>0</a:double><a:double>0</a:double></Value></Attribute></Attributes><ChildElements/><ElementName>origin</ElementName><required>false</required><RPYAttribute z:Ref="i99"/><XYZAttribute z:Ref="i98"/><isCustomized>false</isCustomized></URDFElement><URDFElement z:Id="i100" i:type="Geometry"><Attributes/><ChildElements><URDFElement z:Id="i101" i:type="Mesh"><Attributes><Attribute z:Id="i102"><AttributeType>filename</AttributeType><IsRequired>true</IsRequired><Value i:nil="true"/></Attribute></Attributes><ChildElements/><ElementName>mesh</ElementName><required>false</required><FilenameAttribute z:Ref="i102"/></URDFElement></ChildElements><ElementName>geometry</ElementName><required>true</required><Mesh z:Ref="i101"/></URDFElement></ChildElements><ElementName>collision</ElementName><required>false</required><Geometry z:Ref="i100"/><Origin z:Ref="i97"/></URDFElement><URDFElement z:Id="i103" i:type="Joint"><Attributes><Attribute z:Id="i104"><AttributeType>name</AttributeType><IsRequired>true</IsRequired><Value i:type="a:string" xmlns:a="http://www.w3.org/2001/XMLSchema">J1</Value></Attribute><Attribute z:Id="i105"><AttributeType>type</AttributeType><IsRequired>true</IsRequired><Value i:type="a:string" xmlns:a="http://www.w3.org/2001/XMLSchema">revolute</Value></Attribute></Attributes><ChildElements><URDFElement z:Id="i106" i:type="Origin"><Attributes><Attribute z:Id="i107"><AttributeType>xyz</AttributeType><IsRequired>true</IsRequired><Value i:type="a:ArrayOfdouble" xmlns:a="http://schemas.microsoft.com/2003/10/Serialization/Arrays"><a:double>0</a:double><a:double>0</a:double><a:double>0</a:double></Value></Attribute><Attribute z:Id="i108"><AttributeType>rpy</AttributeType><IsRequired>true</IsRequired><Value i:type="a:ArrayOfdouble" xmlns:a="http://schemas.microsoft.com/2003/10/Serialization/Arrays"><a:double>0</a:double><a:double>0</a:double><a:double>0</a:double></Value></Attribute></Attributes><ChildElements/><ElementName>origin</ElementName><required>false</required><RPYAttribute z:Ref="i108"/><XYZAttribute z:Ref="i107"/><isCustomized>false</isCustomized></URDFElement><URDFElement z:Id="i109" i:type="ParentLink"><Attributes><Attribute z:Id="i110"><AttributeType>link</AttributeType><IsRequired>true</IsRequired><Value i:type="a:string" xmlns:a="http://www.w3.org/2001/XMLSchema"/></Attribute></Attributes><ChildElements/><ElementName>parent</ElementName><required>true</required><NameAttribute z:Ref="i110"/></URDFElement><URDFElement z:Id="i111" i:type="ChildLink"><Attributes><Attribute z:Id="i112"><AttributeType>link</AttributeType><IsRequired>true</IsRequired><Value i:type="a:string" xmlns:a="http://www.w3.org/2001/XMLSchema"/></Attribute></Attributes><ChildElements/><ElementName>child</ElementName><required>true</required><NameAttribute z:Ref="i112"/></URDFElement><URDFElement z:Id="i113" i:type="Axis"><Attributes><Attribute z:Id="i114"><AttributeType>xyz</AttributeType><IsRequired>true</IsRequired><Value i:type="a:ArrayOfdouble" xmlns:a="http://schemas.microsoft.com/2003/10/Serialization/Arrays"><a:double>0</a:double><a:double>0</a:double><a:double>0</a:double></Value></Attribute></Attributes><ChildElements/><ElementName>axis</ElementName><required>false</required><XYZAttribute z:Ref="i114"/></URDFElement><URDFElement z:Id="i115" i:type="Limit"><Attributes><Attribute z:Id="i116"><AttributeType>lower</AttributeType><IsRequired>false</IsRequired><Value i:nil="true"/></Attribute><Attribute z:Id="i117"><AttributeType>upper</AttributeType><IsRequired>false</IsRequired><Value i:nil="true"/></Attribute><Attribute z:Id="i118"><AttributeType>effort</AttributeType><IsRequired>true</IsRequired><Value i:nil="true"/></Attribute><Attribute z:Id="i119"><AttributeType>velocity</AttributeType><IsRequired>true</IsRequired><Value i:nil="true"/></Attribute></Attributes><ChildElements/><ElementName>limit</ElementName><required>false</required><EffortAttribute z:Ref="i118"/><LowerAttribute z:Ref="i116"/><UpperAttribute z:Ref="i117"/><VelocityAttribute z:Ref="i119"/></URDFElement><URDFElement z:Id="i120" i:type="Calibration"><Attributes><Attribute z:Id="i121"><AttributeType>rising</AttributeType><IsRequired>false</IsRequired><Value i:nil="true"/></Attribute><Attribute z:Id="i122"><AttributeType>falling</AttributeType><IsRequired>false</IsRequired><Value i:nil="true"/></Attribute></Attributes><ChildElements/><ElementName>calibration</ElementName><required>false</required><FallingAttribute z:Ref="i122"/><RisingAttribute z:Ref="i121"/></URDFElement><URDFElement z:Id="i123" i:type="Dynamics"><Attributes><Attribute z:Id="i124"><AttributeType>damping</AttributeType><IsRequired>false</IsRequired><Value i:nil="true"/></Attribute><Attribute z:Id="i125"><AttributeType>friction</AttributeType><IsRequired>false</IsRequired><Value i:nil="true"/></Attribute></Attributes><ChildElements/><ElementName>dynamics</ElementName><required>false</required><DampingAttribute z:Ref="i124"/><FrictionAttribute z:Ref="i125"/></URDFElement><URDFElement z:Id="i126" i:type="SafetyController"><Attributes><Attribute z:Id="i127"><AttributeType>soft_upper</AttributeType><IsRequired>false</IsRequired><Value i:nil="true"/></Attribute><Attribute z:Id="i128"><AttributeType>soft_lower</AttributeType><IsRequired>false</IsRequired><Value i:nil="true"/></Attribute><Attribute z:Id="i129"><AttributeType>k_position</AttributeType><IsRequired>false</IsRequired><Value i:nil="true"/></Attribute><Attribute z:Id="i130"><AttributeType>k_velocity</AttributeType><IsRequired>true</IsRequired><Value i:nil="true"/></Attribute></Attributes><ChildElements/><ElementName>safety_controller</ElementName><required>false</required><KPositionAttribute z:Ref="i129"/><KVelocityAttribute z:Ref="i130"/><SoftLowerAttribute z:Ref="i128"/><SoftUpperAttribute z:Ref="i127"/></URDFElement><URDFElement z:Id="i131" i:type="Mimic"><Attributes><Attribute z:Id="i132"><AttributeType>joint</AttributeType><IsRequired>true</IsRequired><Value i:nil="true"/></Attribute><Attribute z:Id="i133"><AttributeType>multiplier</AttributeType><IsRequired>false</IsRequired><Value i:nil="true"/></Attribute><Attribute z:Id="i134"><AttributeType>offset</AttributeType><IsRequired>false</IsRequired><Value i:nil="true"/></Attribute></Attributes><ChildElements/><ElementName>mimic</ElementName><required>false</required><JointNameAttribute z:Ref="i132"/><MultiplierAttribute z:Ref="i133"/><OffsetAttribute z:Ref="i134"/></URDFElement></ChildElements><ElementName>joint</ElementName><required>false</required><Axis z:Ref="i113"/><AxisName>Automatically Generate</AxisName><Calibration z:Ref="i120"/><Child z:Ref="i111"/><CoordinateSystemName>Automatically Generate</CoordinateSystemName><Dynamics z:Ref="i123"/><Limit z:Ref="i115"/><Mimic z:Ref="i131"/><NameAttribute z:Ref="i104"/><Origin z:Ref="i106"/><Parent z:Ref="i109"/><Safety z:Ref="i126"/><TypeAttribute z:Ref="i105"/></URDFElement></ChildElements><ElementName>link</ElementName><required>true</required><Children><Link z:Id="i135"><Attributes><Attribute z:Id="i136"><AttributeType>name</AttributeType><IsRequired>true</IsRequired><Value i:type="a:string" xmlns:a="http://www.w3.org/2001/XMLSchema">L2</Value></Attribute></Attributes><ChildElements><URDFElement z:Id="i137" i:type="Inertial"><Attributes/><ChildElements><URDFElement z:Id="i138" i:type="Origin"><Attributes><Attribute z:Id="i139"><AttributeType>xyz</AttributeType><IsRequired>true</IsRequired><Value i:type="a:ArrayOfdouble" xmlns:a="http://schemas.microsoft.com/2003/10/Serialization/Arrays"><a:double>0</a:double><a:double>0</a:double><a:double>0</a:double></Value></Attribute><Attribute z:Id="i140"><AttributeType>rpy</AttributeType><IsRequired>true</IsRequired><Value i:type="a:ArrayOfdouble" xmlns:a="http://schemas.microsoft.com/2003/10/Serialization/Arrays"><a:double>0</a:double><a:double>0</a:double><a:double>0</a:double></Value></Attribute></Attributes><ChildElements/><ElementName>origin</ElementName><required>false</required><RPYAttribute z:Ref="i140"/><XYZAttribute z:Ref="i139"/><isCustomized>false</isCustomized></URDFElement><URDFElement z:Id="i141" i:type="Mass"><Attributes><Attribute z:Id="i142"><AttributeType>value</AttributeType><IsRequired>true</IsRequired><Value i:type="a:double" xmlns:a="http://www.w3.org/2001/XMLSchema">0</Value></Attribute></Attributes><ChildElements/><ElementName>mass</ElementName><required>false</required><ValueAttribute z:Ref="i142"/></URDFElement><URDFElement z:Id="i143" i:type="Inertia"><Attributes><Attribute z:Id="i144"><AttributeType>ixx</AttributeType><IsRequired>true</IsRequired><Value i:type="a:double" xmlns:a="http://www.w3.org/2001/XMLSchema">0</Value></Attribute><Attribute z:Id="i145"><AttributeType>ixy</AttributeType><IsRequired>true</IsRequired><Value i:type="a:double" xmlns:a="http://www.w3.org/2001/XMLSchema">0</Value></Attribute><Attribute z:Id="i146"><AttributeType>ixz</AttributeType><IsRequired>true</IsRequired><Value i:type="a:double" xmlns:a="http://www.w3.org/2001/XMLSchema">0</Value></Attribute><Attribute z:Id="i147"><AttributeType>iyy</AttributeType><IsRequired>true</IsRequired><Value i:type="a:double" xmlns:a="http://www.w3.org/2001/XMLSchema">0</Value></Attribute><Attribute z:Id="i148"><AttributeType>iyz</AttributeType><IsRequired>true</IsRequired><Value i:type="a:double" xmlns:a="http://www.w3.org/2001/XMLSchema">0</Value></Attribute><Attribute z:Id="i149"><AttributeType>izz</AttributeType><IsRequired>true</IsRequired><Value i:type="a:double" xmlns:a="http://www.w3.org/2001/XMLSchema">0</Value></Attribute></Attributes><ChildElements/><ElementName>inertia</ElementName><required>false</required><IxxAttribute z:Ref="i144"/><IxyAttribute z:Ref="i145"/><IxzAttribute z:Ref="i146"/><IyyAttribute z:Ref="i147"/><IyzAttribute z:Ref="i148"/><IzzAttribute z:Ref="i149"/></URDFElement></ChildElements><ElementName>inertial</ElementName><required>false</required><Inertia z:Ref="i143"/><Mass z:Ref="i141"/><Origin z:Ref="i138"/></URDFElement><URDFElement z:Id="i150" i:type="Visual"><Attributes/><ChildElements><URDFElement z:Id="i151" i:type="Origin"><Attributes><Attribute z:Id="i152"><AttributeType>xyz</AttributeType><IsRequired>true</IsRequired><Value i:type="a:ArrayOfdouble" xmlns:a="http://schemas.microsoft.com/2003/10/Serialization/Arrays"><a:double>0</a:double><a:double>0</a:double><a:double>0</a:double></Value></Attribute><Attribute z:Id="i153"><AttributeType>rpy</AttributeType><IsRequired>true</IsRequired><Value i:type="a:ArrayOfdouble" xmlns:a="http://schemas.microsoft.com/2003/10/Serialization/Arrays"><a:double>0</a:double><a:double>0</a:double><a:double>0</a:double></Value></Attribute></Attributes><ChildElements/><ElementName>origin</ElementName><required>false</required><RPYAttribute z:Ref="i153"/><XYZAttribute z:Ref="i152"/><isCustomized>false</isCustomized></URDFElement><URDFElement z:Id="i154" i:type="Geometry"><Attributes/><ChildElements><URDFElement z:Id="i155" i:type="Mesh"><Attributes><Attribute z:Id="i156"><AttributeType>filename</AttributeType><IsRequired>true</IsRequired><Value i:nil="true"/></Attribute></Attributes><ChildElements/><ElementName>mesh</ElementName><required>false</required><FilenameAttribute z:Ref="i156"/></URDFElement></ChildElements><ElementName>geometry</ElementName><required>true</required><Mesh z:Ref="i155"/></URDFElement><URDFElement z:Id="i157" i:type="Material"><Attributes><Attribute z:Id="i158"><AttributeType>name</AttributeType><IsRequired>true</IsRequired><Value i:type="a:string" xmlns:a="http://www.w3.org/2001/XMLSchema"/></Attribute></Attributes><ChildElements><URDFElement z:Id="i159" i:type="Color"><Attributes><Attribute z:Id="i160"><AttributeType>rgba</AttributeType><IsRequired>true</IsRequired><Value i:type="a:ArrayOfdouble" xmlns:a="http://schemas.microsoft.com/2003/10/Serialization/Arrays"><a:double>1</a:double><a:double>1</a:double><a:double>1</a:double><a:double>1</a:double></Value></Attribute></Attributes><ChildElements/><ElementName>color</ElementName><required>false</required><RGBAAttribute z:Ref="i160"/></URDFElement><URDFElement z:Id="i161" i:type="Texture"><Attributes><Attribute z:Id="i162"><AttributeType>filename</AttributeType><IsRequired>true</IsRequired><Value i:nil="true"/></Attribute></Attributes><ChildElements/><ElementName>texture</ElementName><required>false</required><FilenameAttribute z:Ref="i162"/><wFilename/></URDFElement></ChildElements><ElementName>material</ElementName><required>false</required><Color z:Ref="i159"/><NameAttribute z:Ref="i158"/><Texture z:Ref="i161"/></URDFElement></ChildElements><ElementName>visual</ElementName><required>false</required><Geometry z:Ref="i154"/><Material z:Ref="i157"/><Origin z:Ref="i151"/></URDFElement><URDFElement z:Id="i163" i:type="Collision"><Attributes/><ChildElements><URDFElement z:Id="i164" i:type="Origin"><Attributes><Attribute z:Id="i165"><AttributeType>xyz</AttributeType><IsRequired>true</IsRequired><Value i:type="a:ArrayOfdouble" xmlns:a="http://schemas.microsoft.com/2003/10/Serialization/Arrays"><a:double>0</a:double><a:double>0</a:double><a:double>0</a:double></Value></Attribute><Attribute z:Id="i166"><AttributeType>rpy</AttributeType><IsRequired>true</IsRequired><Value i:type="a:ArrayOfdouble" xmlns:a="http://schemas.microsoft.com/2003/10/Serialization/Arrays"><a:double>0</a:double><a:double>0</a:double><a:double>0</a:double></Value></Attribute></Attributes><ChildElements/><ElementName>origin</ElementName><required>false</required><RPYAttribute z:Ref="i166"/><XYZAttribute z:Ref="i165"/><isCustomized>false</isCustomized></URDFElement><URDFElement z:Id="i167" i:type="Geometry"><Attributes/><ChildElements><URDFElement z:Id="i168" i:type="Mesh"><Attributes><Attribute z:Id="i169"><AttributeType>filename</AttributeType><IsRequired>true</IsRequired><Value i:nil="true"/></Attribute></Attributes><ChildElements/><ElementName>mesh</ElementName><required>false</required><FilenameAttribute z:Ref="i169"/></URDFElement></ChildElements><ElementName>geometry</ElementName><required>true</required><Mesh z:Ref="i168"/></URDFElement></ChildElements><ElementName>collision</ElementName><required>false</required><Geometry z:Ref="i167"/><Origin z:Ref="i164"/></URDFElement><URDFElement z:Id="i170" i:type="Joint"><Attributes><Attribute z:Id="i171"><AttributeType>name</AttributeType><IsRequired>true</IsRequired><Value i:type="a:string" xmlns:a="http://www.w3.org/2001/XMLSchema">J2</Value></Attribute><Attribute z:Id="i172"><AttributeType>type</AttributeType><IsRequired>true</IsRequired><Value i:type="a:string" xmlns:a="http://www.w3.org/2001/XMLSchema">revolute</Value></Attribute></Attributes><ChildElements><URDFElement z:Id="i173" i:type="Origin"><Attributes><Attribute z:Id="i174"><AttributeType>xyz</AttributeType><IsRequired>true</IsRequired><Value i:type="a:ArrayOfdouble" xmlns:a="http://schemas.microsoft.com/2003/10/Serialization/Arrays"><a:double>0</a:double><a:double>0</a:double><a:double>0</a:double></Value></Attribute><Attribute z:Id="i175"><AttributeType>rpy</AttributeType><IsRequired>true</IsRequired><Value i:type="a:ArrayOfdouble" xmlns:a="http://schemas.microsoft.com/2003/10/Serialization/Arrays"><a:double>0</a:double><a:double>0</a:double><a:double>0</a:double></Value></Attribute></Attributes><ChildElements/><ElementName>origin</ElementName><required>false</required><RPYAttribute z:Ref="i175"/><XYZAttribute z:Ref="i174"/><isCustomized>false</isCustomized></URDFElement><URDFElement z:Id="i176" i:type="ParentLink"><Attributes><Attribute z:Id="i177"><AttributeType>link</AttributeType><IsRequired>true</IsRequired><Value i:type="a:string" xmlns:a="http://www.w3.org/2001/XMLSchema"/></Attribute></Attributes><ChildElements/><ElementName>parent</ElementName><required>true</required><NameAttribute z:Ref="i177"/></URDFElement><URDFElement z:Id="i178" i:type="ChildLink"><Attributes><Attribute z:Id="i179"><AttributeType>link</AttributeType><IsRequired>true</IsRequired><Value i:type="a:string" xmlns:a="http://www.w3.org/2001/XMLSchema"/></Attribute></Attributes><ChildElements/><ElementName>child</ElementName><required>true</required><NameAttribute z:Ref="i179"/></URDFElement><URDFElement z:Id="i180" i:type="Axis"><Attributes><Attribute z:Id="i181"><AttributeType>xyz</AttributeType><IsRequired>true</IsRequired><Value i:type="a:ArrayOfdouble" xmlns:a="http://schemas.microsoft.com/2003/10/Serialization/Arrays"><a:double>0</a:double><a:double>0</a:double><a:double>0</a:double></Value></Attribute></Attributes><ChildElements/><ElementName>axis</ElementName><required>false</required><XYZAttribute z:Ref="i181"/></URDFElement><URDFElement z:Id="i182" i:type="Limit"><Attributes><Attribute z:Id="i183"><AttributeType>lower</AttributeType><IsRequired>false</IsRequired><Value i:nil="true"/></Attribute><Attribute z:Id="i184"><AttributeType>upper</AttributeType><IsRequired>false</IsRequired><Value i:nil="true"/></Attribute><Attribute z:Id="i185"><AttributeType>effort</AttributeType><IsRequired>true</IsRequired><Value i:nil="true"/></Attribute><Attribute z:Id="i186"><AttributeType>velocity</AttributeType><IsRequired>true</IsRequired><Value i:nil="true"/></Attribute></Attributes><ChildElements/><ElementName>limit</ElementName><required>false</required><EffortAttribute z:Ref="i185"/><LowerAttribute z:Ref="i183"/><UpperAttribute z:Ref="i184"/><VelocityAttribute z:Ref="i186"/></URDFElement><URDFElement z:Id="i187" i:type="Calibration"><Attributes><Attribute z:Id="i188"><AttributeType>rising</AttributeType><IsRequired>false</IsRequired><Value i:nil="true"/></Attribute><Attribute z:Id="i189"><AttributeType>falling</AttributeType><IsRequired>false</IsRequired><Value i:nil="true"/></Attribute></Attributes><ChildElements/><ElementName>calibration</ElementName><required>false</required><FallingAttribute z:Ref="i189"/><RisingAttribute z:Ref="i188"/></URDFElement><URDFElement z:Id="i190" i:type="Dynamics"><Attributes><Attribute z:Id="i191"><AttributeType>damping</AttributeType><IsRequired>false</IsRequired><Value i:nil="true"/></Attribute><Attribute z:Id="i192"><AttributeType>friction</AttributeType><IsRequired>false</IsRequired><Value i:nil="true"/></Attribute></Attributes><ChildElements/><ElementName>dynamics</ElementName><required>false</required><DampingAttribute z:Ref="i191"/><FrictionAttribute z:Ref="i192"/></URDFElement><URDFElement z:Id="i193" i:type="SafetyController"><Attributes><Attribute z:Id="i194"><AttributeType>soft_upper</AttributeType><IsRequired>false</IsRequired><Value i:nil="true"/></Attribute><Attribute z:Id="i195"><AttributeType>soft_lower</AttributeType><IsRequired>false</IsRequired><Value i:nil="true"/></Attribute><Attribute z:Id="i196"><AttributeType>k_position</AttributeType><IsRequired>false</IsRequired><Value i:nil="true"/></Attribute><Attribute z:Id="i197"><AttributeType>k_velocity</AttributeType><IsRequired>true</IsRequired><Value i:nil="true"/></Attribute></Attributes><ChildElements/><ElementName>safety_controller</ElementName><required>false</required><KPositionAttribute z:Ref="i196"/><KVelocityAttribute z:Ref="i197"/><SoftLowerAttribute z:Ref="i195"/><SoftUpperAttribute z:Ref="i194"/></URDFElement><URDFElement z:Id="i198" i:type="Mimic"><Attributes><Attribute z:Id="i199"><AttributeType>joint</AttributeType><IsRequired>true</IsRequired><Value i:nil="true"/></Attribute><Attribute z:Id="i200"><AttributeType>multiplier</AttributeType><IsRequired>false</IsRequired><Value i:nil="true"/></Attribute><Attribute z:Id="i201"><AttributeType>offset</AttributeType><IsRequired>false</IsRequired><Value i:nil="true"/></Attribute></Attributes><ChildElements/><ElementName>mimic</ElementName><required>false</required><JointNameAttribute z:Ref="i199"/><MultiplierAttribute z:Ref="i200"/><OffsetAttribute z:Ref="i201"/></URDFElement></ChildElements><ElementName>joint</ElementName><required>false</required><Axis z:Ref="i180"/><AxisName>Automatically Generate</AxisName><Calibration z:Ref="i187"/><Child z:Ref="i178"/><CoordinateSystemName>Automatically Generate</CoordinateSystemName><Dynamics z:Ref="i190"/><Limit z:Ref="i182"/><Mimic z:Ref="i198"/><NameAttribute z:Ref="i171"/><Origin z:Ref="i173"/><Parent z:Ref="i176"/><Safety z:Ref="i193"/><TypeAttribute z:Ref="i172"/></URDFElement></ChildElements><ElementName>link</ElementName><required>true</required><Children/><Collision z:Ref="i163"/><Inertial z:Ref="i137"/><Joint z:Ref="i170"/><NameAttribute z:Ref="i136"/><Parent z:Ref="i68"/><STLQualityFine>false</STLQualityFine><SWComponentPIDs xmlns:a="http://schemas.microsoft.com/2003/10/Serialization/Arrays"><a:base64Binary>4C4AAAUAAAD//v8TTABpAG4AawAyAC0AMQBAAEEAcwBzAGUAbQBfAGYAaQBuAGEAbAAEAAAAEAAAAAEAAAABAAAASQAAAA==</a:base64Binary></SWComponentPIDs><SWMainComponentPID i:nil="true"/><Visual z:Ref="i150"/><isFixedFrame>false</isFixedFrame><isIncomplete>false</isIncomplete></Link></Children><Collision z:Ref="i96"/><Inertial z:Ref="i70"/><Joint z:Ref="i103"/><NameAttribute z:Ref="i69"/><Parent z:Ref="i1"/><STLQualityFine>false</STLQualityFine><SWComponentPIDs xmlns:a="http://schemas.microsoft.com/2003/10/Serialization/Arrays"><a:base64Binary>4C4AAAUAAAD//v8TTABpAG4AawAxAC0AMQBAAEEAcwBzAGUAbQBfAGYAaQBuAGEAbAAEAAAAEAAAAAEAAAABAAAAOAAAAA==</a:base64Binary><a:base64Binary>4C4AAAUAAAD//v8aYgBvAHQAdABvAG0AXwBzAGgAZQBsAGwALQAyAEAAQQBzAHMAZQBtAF8AZgBpAG4AYQBsAAQAAAAQAAAAAQAAAAEAAAA9AAAA</a:base64Binary><a:base64Binary>4C4AAAUAAAD//v8XdABvAHAAXwBzAGgAZQBsAGwALQAyAEAAQQBzAHMAZQBtAF8AZgBpAG4AYQBsAAQAAAAQAAAAAQAAAAEAAABKAAAA</a:base64Binary><a:base64Binary>4C4AAAUAAAD//v8cRQBuAGMAbwBkAGUAcgBfAGgAbwBsAGQAZQByAC0AMgBAAEEAcwBzAGUAbQBfAGYAaQBuAGEAbAAEAAAAEAAAAAEAAAABAAAAQAAAAA==</a:base64Binary></SWComponentPIDs><SWMainComponentPID i:nil="true"/><Visual z:Ref="i83"/><isFixedFrame>false</isFixedFrame><isIncomplete>false</isIncomplete></Link></Children><Collision z:Ref="i29"/><Inertial z:Ref="i3"/><Joint z:Ref="i36"/><NameAttribute z:Ref="i2"/><Parent i:nil="true"/><STLQualityFine>false</STLQualityFine><SWComponentPIDs xmlns:a="http://schemas.microsoft.com/2003/10/Serialization/Arrays"><a:base64Binary>4C4AAAUAAAD//v8cTQBvAHQAbwByAF8AaABvAGwAZABlAHIAXwAyAC0AMQBAAEEAcwBzAGUAbQBfAGYAaQBuAGEAbAAEAAAAEAAAAAEAAAABAAAAXAAAAA==</a:base64Binary><a:base64Binary>4C4AAAUAAAD//v8aYgBvAHQAdABvAG0AXwBzAGgAZQBsAGwALQAzAEAAQQBzAHMAZQBtAF8AZgBpAG4AYQBsAAQAAAAQAAAAAQAAAAEAAABeAAAA</a:base64Binary><a:base64Binary>4C4AAAUAAAD//v8jMgAwADIAMABfAGEAbAB1AF8AcwBlAGMAdABpAG8AbgBfADIANQBjAG0ALQAxAEAAQQBzAHMAZQBtAF8AZgBpAG4AYQBsAAQAAAAQAAAAAQAAAAEAAABdAAAA</a:base64Binary><a:base64Binary>4C4AAAUAAAD//v8cRQBuAGMAbwBkAGUAcgBfAGgAbwBsAGQAZQByAC0AMwBAAEEAcwBzAGUAbQBfAGYAaQBuAGEAbAAEAAAAEAAAAAEAAAABAAAAXwAAAA==</a:base64Binary><a:base64Binary>4C4AAAUAAAD//v8XdABvAHAAXwBzAGgAZQBsAGwALQAzAEAAQQBzAHMAZQBtAF8AZgBpAG4AYQBsAAQAAAAQAAAAAQAAAAEAAABgAAAA</a:base64Binary></SWComponentPIDs><SWMainComponentPID i:nil="true"/><Visual z:Ref="i16"/><isFixedFrame>false</isFixedFrame><isIncomplete>false</isIncomplete></Link>
2022-05-02 17:05:35,432 INFO  AssemblyExportForm.cs: 309 - Saving URDF package to E:\Assem_final
2022-05-02 17:05:35,434 INFO  ExportHelper.cs: 147 - Beginning the export process
2022-05-02 17:05:35,436 INFO  ExportHelper.cs: 153 - Creating package directories with name Assem_final and save path E:\
2022-05-02 17:05:36,976 INFO  ExportHelper.cs: 162 - Creating CMakeLists.txt at E:\Assem_final\CMakeLists.txt
2022-05-02 17:05:36,987 INFO  ExportHelper.cs: 166 - Creating joint names config at E:\Assem_final\config\joint_names_Assem_final.yaml
2022-05-02 17:05:36,990 INFO  ExportHelper.cs: 170 - Creating package.xml at E:\Assem_final\package.xml
2022-05-02 17:05:36,993 INFO  PackageXMLWriter.cs: 21 - Creating package.xml at E:\Assem_final\package.xml
2022-05-02 17:05:37,000 INFO  ExportHelper.cs: 177 - Creating RVIZ launch file in E:\Assem_final\launch\
2022-05-02 17:05:37,004 INFO  ExportHelper.cs: 182 - Creating Gazebo launch file in E:\Assem_final\launch\
2022-05-02 17:05:37,034 INFO  ExportHelper.cs: 187 - Saving existing STL preferences
2022-05-02 17:05:37,034 INFO  ExportHelper.cs: 450 - Saving users preferences
2022-05-02 17:05:37,036 INFO  ExportHelper.cs: 190 - Modifying STL preferences
2022-05-02 17:05:37,037 INFO  ExportHelper.cs: 464 - Setting STL preferences
2022-05-02 17:05:37,043 INFO  ExportHelper.cs: 196 - Found 0 hidden components 
2022-05-02 17:05:37,044 INFO  ExportHelper.cs: 197 - Hiding all components
2022-05-02 17:05:37,286 INFO  ExportHelper.cs: 204 - Beginning individual files export
2022-05-02 17:05:37,289 INFO  ExportHelper.cs: 270 - Exporting link: base_link
2022-05-02 17:05:37,290 INFO  ExportHelper.cs: 272 - Link base_link has 1 children
2022-05-02 17:05:37,291 INFO  ExportHelper.cs: 270 - Exporting link: L1
2022-05-02 17:05:37,292 INFO  ExportHelper.cs: 272 - Link L1 has 1 children
2022-05-02 17:05:37,293 INFO  ExportHelper.cs: 270 - Exporting link: L2
2022-05-02 17:05:37,293 INFO  ExportHelper.cs: 272 - Link L2 has 0 children
2022-05-02 17:05:37,294 INFO  ExportHelper.cs: 317 - L2: Exporting STL with coordinate frame Origin_J2
2022-05-02 17:05:37,295 INFO  ExportHelper.cs: 322 - L2: Reference geometry name 
2022-05-02 17:05:37,330 INFO  ExportHelper.cs: 330 - Saving STL to E:\Assem_final\meshes\L2.STL
2022-05-02 17:05:37,496 INFO  ExportHelper.cs: 405 - Removing SW header in STL file
2022-05-02 17:05:37,498 INFO  ExportHelper.cs: 317 - L1: Exporting STL with coordinate frame Origin_J1
2022-05-02 17:05:37,499 INFO  ExportHelper.cs: 322 - L1: Reference geometry name 
2022-05-02 17:05:37,674 INFO  ExportHelper.cs: 330 - Saving STL to E:\Assem_final\meshes\L1.STL
2022-05-02 17:05:37,983 INFO  ExportHelper.cs: 405 - Removing SW header in STL file
2022-05-02 17:05:37,984 INFO  ExportHelper.cs: 317 - base_link: Exporting STL with coordinate frame Origin_global
2022-05-02 17:05:37,984 INFO  ExportHelper.cs: 322 - base_link: Reference geometry name 
2022-05-02 17:05:38,145 INFO  ExportHelper.cs: 330 - Saving STL to E:\Assem_final\meshes\base_link.STL
2022-05-02 17:05:38,416 INFO  ExportHelper.cs: 405 - Removing SW header in STL file
2022-05-02 17:05:38,416 INFO  ExportHelper.cs: 145 - Showing all components except previously hidden components
2022-05-02 17:05:38,619 INFO  ExportHelper.cs: 145 - Resetting STL preferences
2022-05-02 17:05:38,620 INFO  ExportHelper.cs: 478 - Returning STL preferences to user preferences
2022-05-02 17:05:38,621 INFO  ExportHelper.cs: 228 - Writing URDF file to E:\Assem_final\urdf\Assem_final.urdf
2022-05-02 17:05:38,704 INFO  CSVImportExport.cs: 32 - Writing CSV file E:\Assem_final\urdf\Assem_final.csv
2022-05-02 17:05:38,728 ERROR CSVImportExport.cs: 130 - The following columns were not written to the CSV: Link.Joint.ChildLink.link,
2022-05-02 17:05:38,729 ERROR CSVImportExport.cs: 130 - The following columns were not written to the CSV: Link.Joint.ChildLink.link,
2022-05-02 17:05:38,729 ERROR CSVImportExport.cs: 130 - The following columns were not written to the CSV: Link.Joint.ChildLink.link,
2022-05-02 17:05:38,730 INFO  ExportHelper.cs: 234 - Copying log file
2022-05-02 17:05:38,734 INFO  ExportHelper.cs: 439 - Copying C:\Users\gurun\sw2urdf_logs\sw2urdf.log to E:\Assem_final\export.log
